c:\users\kkmk1\onedrive\desktop\y3s2\cs4247\assignments\1\assign1_todo_(win-vs2017)\debug\vc143.pdb
c:\users\kkmk1\onedrive\desktop\y3s2\cs4247\assignments\1\assign1_todo_(win-vs2017)\debug\vc143.idb
c:\users\kkmk1\onedrive\desktop\y3s2\cs4247\assignments\1\assign1_todo_(win-vs2017)\debug\main.obj
c:\users\kkmk1\onedrive\desktop\y3s2\cs4247\assignments\1\assign1_todo_(win-vs2017)\debug\vbotorus.obj
c:\users\kkmk1\onedrive\desktop\y3s2\cs4247\assignments\1\assign1_todo_(win-vs2017)\debug\vboteapotpatch.obj
c:\users\kkmk1\onedrive\desktop\y3s2\cs4247\assignments\1\assign1_todo_(win-vs2017)\debug\vboteapot.obj
c:\users\kkmk1\onedrive\desktop\y3s2\cs4247\assignments\1\assign1_todo_(win-vs2017)\debug\vbosphere2.obj
c:\users\kkmk1\onedrive\desktop\y3s2\cs4247\assignments\1\assign1_todo_(win-vs2017)\debug\vbosphere.obj
c:\users\kkmk1\onedrive\desktop\y3s2\cs4247\assignments\1\assign1_todo_(win-vs2017)\debug\vboplane.obj
c:\users\kkmk1\onedrive\desktop\y3s2\cs4247\assignments\1\assign1_todo_(win-vs2017)\debug\vbomeshadj.obj
c:\users\kkmk1\onedrive\desktop\y3s2\cs4247\assignments\1\assign1_todo_(win-vs2017)\debug\vbomesh.obj
c:\users\kkmk1\onedrive\desktop\y3s2\cs4247\assignments\1\assign1_todo_(win-vs2017)\debug\vbocube.obj
c:\users\kkmk1\onedrive\desktop\y3s2\cs4247\assignments\1\assign1_todo_(win-vs2017)\debug\trackball.obj
c:\users\kkmk1\onedrive\desktop\y3s2\cs4247\assignments\1\assign1_todo_(win-vs2017)\debug\glutils.obj
c:\users\kkmk1\onedrive\desktop\y3s2\cs4247\assignments\1\assign1_todo_(win-vs2017)\debug\glslprogram.obj
c:\users\kkmk1\onedrive\desktop\y3s2\cs4247\assignments\1\assign1_todo_(win-vs2017)\debug\drawable.obj
c:\users\kkmk1\onedrive\desktop\y3s2\cs4247\assignments\1\assign1_todo_(win-vs2017)\debug\main.exe
c:\users\kkmk1\onedrive\desktop\y3s2\cs4247\assignments\1\assign1_todo_(win-vs2017)\debug\main.ilk
c:\users\kkmk1\onedrive\desktop\y3s2\cs4247\assignments\1\assign1_todo_(win-vs2017)\debug\main.pdb
c:\users\kkmk1\onedrive\desktop\y3s2\cs4247\cs4247-assignments\assignment 1\assign1_todo_(win-vs2017)\debug\drawable.obj
c:\users\kkmk1\onedrive\desktop\y3s2\cs4247\cs4247-assignments\assignment 1\assign1_todo_(win-vs2017)\debug\glslprogram.obj
c:\users\kkmk1\onedrive\desktop\y3s2\cs4247\cs4247-assignments\assignment 1\assign1_todo_(win-vs2017)\debug\glutils.obj
c:\users\kkmk1\onedrive\desktop\y3s2\cs4247\cs4247-assignments\assignment 1\assign1_todo_(win-vs2017)\debug\main.obj
c:\users\kkmk1\onedrive\desktop\y3s2\cs4247\cs4247-assignments\assignment 1\assign1_todo_(win-vs2017)\debug\trackball.obj
c:\users\kkmk1\onedrive\desktop\y3s2\cs4247\cs4247-assignments\assignment 1\assign1_todo_(win-vs2017)\debug\vbocube.obj
c:\users\kkmk1\onedrive\desktop\y3s2\cs4247\cs4247-assignments\assignment 1\assign1_todo_(win-vs2017)\debug\vbomesh.obj
c:\users\kkmk1\onedrive\desktop\y3s2\cs4247\cs4247-assignments\assignment 1\assign1_todo_(win-vs2017)\debug\vbomeshadj.obj
c:\users\kkmk1\onedrive\desktop\y3s2\cs4247\cs4247-assignments\assignment 1\assign1_todo_(win-vs2017)\debug\vboplane.obj
c:\users\kkmk1\onedrive\desktop\y3s2\cs4247\cs4247-assignments\assignment 1\assign1_todo_(win-vs2017)\debug\vbosphere.obj
c:\users\kkmk1\onedrive\desktop\y3s2\cs4247\cs4247-assignments\assignment 1\assign1_todo_(win-vs2017)\debug\vbosphere2.obj
c:\users\kkmk1\onedrive\desktop\y3s2\cs4247\cs4247-assignments\assignment 1\assign1_todo_(win-vs2017)\debug\vboteapot.obj
c:\users\kkmk1\onedrive\desktop\y3s2\cs4247\cs4247-assignments\assignment 1\assign1_todo_(win-vs2017)\debug\vboteapotpatch.obj
c:\users\kkmk1\onedrive\desktop\y3s2\cs4247\cs4247-assignments\assignment 1\assign1_todo_(win-vs2017)\debug\vbotorus.obj
c:\users\kkmk1\onedrive\desktop\y3s2\cs4247\cs4247-assignments\assignment 1\assign1_todo_(win-vs2017)\debug\main.ilk
c:\users\kkmk1\onedrive\desktop\y3s2\cs4247\cs4247-assignments\assignment 1\assign1_todo_(win-vs2017)\debug\vc143.idb
c:\users\kkmk1\onedrive\desktop\y3s2\cs4247\cs4247-assignments\assignment 1\assign1_todo_(win-vs2017)\debug\main.pdb
c:\users\kkmk1\onedrive\desktop\y3s2\cs4247\cs4247-assignments\assignment 1\assign1_todo_(win-vs2017)\debug\vc143.pdb
c:\users\kkmk1\onedrive\desktop\y3s2\cs4247\cs4247-assignments\assignment 1\assign1_todo_(win-vs2017)\debug\main.exe
c:\users\kkmk1\onedrive\desktop\y3s2\cs4247\cs4247-assignments\assignment 1\assign1_todo_(win-vs2017)\debug\main.tlog\cl.command.1.tlog
c:\users\kkmk1\onedrive\desktop\y3s2\cs4247\cs4247-assignments\assignment 1\assign1_todo_(win-vs2017)\debug\main.tlog\cl.read.1.tlog
c:\users\kkmk1\onedrive\desktop\y3s2\cs4247\cs4247-assignments\assignment 1\assign1_todo_(win-vs2017)\debug\main.tlog\cl.write.1.tlog
c:\users\kkmk1\onedrive\desktop\y3s2\cs4247\cs4247-assignments\assignment 1\assign1_todo_(win-vs2017)\debug\main.tlog\link.command.1.tlog
c:\users\kkmk1\onedrive\desktop\y3s2\cs4247\cs4247-assignments\assignment 1\assign1_todo_(win-vs2017)\debug\main.tlog\link.read.1.tlog
c:\users\kkmk1\onedrive\desktop\y3s2\cs4247\cs4247-assignments\assignment 1\assign1_todo_(win-vs2017)\debug\main.tlog\link.write.1.tlog
